C51 COMPILER V9.60.0.0   DISPLAY                                                           08/19/2021 09:53:24 PAGE 1   


C51 COMPILER V9.60.0.0, COMPILATION OF MODULE DISPLAY
OBJECT MODULE PLACED IN ..\output\display.obj
COMPILER INVOKED BY: C:\Keil_v5\C51\BIN\C51.EXE ..\user\sys\display.c OPTIMIZE(8,SPEED) BROWSE INCDIR(C:\Keil_v5\C51\INC
                    -;C:\Keil_v5\C51\INC) DEBUG OBJECTEXTEND PRINT(..\output\display.lst) TABS(2) OBJECT(..\output\display.obj)

line level    source

   1          /*********************************************************************/
   2          /*公司名称： 深圳市朗科智能电气股份有限公司                          */
   3          /*模 块 名： 数码管显示模块                                          */
   4          /*创 建 人： LICHAOFAN     日期：2021-08-13                          */
   5          /*修 改 人： LICHAOFAN     日期：2021-08-13                          */
   6          /*功能描述： 使用数码管输出处理过的红外信号                              */
   7          /*其他说明：                                                         */
   8          /*版本：
   9          /*********************************************************************/
  10          #include "display.h"
  11          #include "sys.h"
  12          #include <SN8F5702.h>
  13          void dispaly(unsigned char ADC);
  14          /*********************************************************************
  15          * 函 数 名： display
  16          * 功能描述： 显示处理过的红外信号
  17          * 函数说明： 显示函数
  18          * 调用函数： 
  19          * 全局变量： 
  20          * 输 入： ADC
  21          * 返 回： 无
  22          * 设 计 者：LICHAOFAN 日期：2021-08-13
  23          * 修 改 者：LICHAOFAN 日期：2021-08-13
  24          /*版本：
  25          /**********************************************************************/
  26          void display(unsigned char ADC)
  27          {
  28   1        unsigned char   table[]={0xc0,0xf9,0xa4,0xb0,0x99,
  29   1                                  0x92,0x82,0xf8,0x80,0x90,};   
  30   1        {P07=0;                    //第一位显示，有小数点
  31   2        P02=1;
  32   2        P03=0;
  33   2        P1=(table[ADC/10]);
  34   2        }Delay100us(10);
  35   1      
  36   1        P1=0Xff;                   //消除虚影
  37   1        Delay100us(1); 
  38   1      
  39   1        {P07=1;                     //第二位显示，无小数点
  40   2        P02=0;
  41   2        P03=1;
  42   2        P1=(table[ADC%10]);
  43   2        }Delay100us(10);
  44   1      
  45   1        P1=0Xff;                   //消除虚影
  46   1        Delay100us(1);
  47   1      
  48   1      }


MODULE INFORMATION:   STATIC OVERLAYABLE
   CODE SIZE        =     85    ----
   CONSTANT SIZE    =     10    ----
   XDATA SIZE       =   ----    ----
C51 COMPILER V9.60.0.0   DISPLAY                                                           08/19/2021 09:53:24 PAGE 2   

   PDATA SIZE       =   ----    ----
   DATA SIZE        =   ----      11
   IDATA SIZE       =   ----    ----
   BIT SIZE         =   ----    ----
END OF MODULE INFORMATION.


C51 COMPILATION COMPLETE.  0 WARNING(S),  0 ERROR(S)
